TN:
SF:src\config\DB\Config.js
FNF:0
FNH:0
DA:6,4
DA:7,4
DA:9,4
LF:3
LH:3
BRF:0
BRH:0
end_of_record
TN:
SF:src\models\Artista.js
FNF:0
FNH:0
DA:7,4
LF:1
LH:1
BRF:0
BRH:0
end_of_record
TN:
SF:src\models\Livro.js
FNF:0
FNH:0
DA:9,4
LF:1
LH:1
BRF:0
BRH:0
end_of_record
TN:
SF:src\models\Manga.js
FNF:0
FNH:0
DA:10,4
LF:1
LH:1
BRF:0
BRH:0
end_of_record
TN:
SF:src\models\autor.js
FNF:0
FNH:0
DA:8,4
LF:1
LH:1
BRF:0
BRH:0
end_of_record
TN:
SF:src\models\index.js
FNF:0
FNH:0
DA:7,4
DA:9,4
DA:14,4
DA:19,4
DA:24,4
DA:29,4
LF:6
LH:6
BRF:0
BRH:0
end_of_record
TN:
SF:src\service\ArtistaService.js
FN:4,(anonymous_0)
FN:10,(anonymous_1)
FN:24,(anonymous_2)
FN:38,(anonymous_3)
FN:48,(anonymous_4)
FNF:5
FNH:3
FNDA:0,(anonymous_0)
FNDA:2,(anonymous_1)
FNDA:2,(anonymous_2)
FNDA:0,(anonymous_3)
FNDA:1,(anonymous_4)
DA:5,0
DA:7,0
DA:12,2
DA:13,1
DA:15,1
DA:17,0
DA:18,0
DA:21,0
DA:25,2
DA:26,0
DA:29,2
DA:31,0
DA:32,0
DA:35,0
DA:40,0
DA:41,0
DA:43,0
DA:45,0
DA:49,1
DA:51,0
DA:52,0
DA:55,0
LF:22
LH:6
BRDA:12,0,0,1
BRDA:12,0,1,1
BRDA:17,1,0,0
BRDA:17,1,1,0
BRDA:25,2,0,0
BRDA:25,2,1,2
BRDA:31,3,0,0
BRDA:31,3,1,0
BRDA:40,4,0,0
BRDA:40,4,1,0
BRDA:51,5,0,0
BRDA:51,5,1,0
BRF:12
BRH:3
end_of_record
TN:
SF:src\service\AutorService.js
FN:7,(anonymous_0)
FN:13,(anonymous_1)
FN:27,(anonymous_2)
FN:37,(anonymous_3)
FN:59,(anonymous_4)
FNF:5
FNH:4
FNDA:1,(anonymous_0)
FNDA:2,(anonymous_1)
FNDA:1,(anonymous_2)
FNDA:0,(anonymous_3)
FNDA:1,(anonymous_4)
DA:8,1
DA:10,1
DA:14,2
DA:15,1
DA:18,1
DA:20,1
DA:21,1
DA:24,0
DA:28,1
DA:29,0
DA:32,1
DA:34,1
DA:38,0
DA:39,0
DA:42,0
DA:43,0
DA:45,0
DA:46,0
DA:48,0
DA:49,0
DA:50,0
DA:53,0
DA:55,0
DA:60,1
DA:61,0
DA:64,1
DA:66,1
LF:27
LH:13
BRDA:14,0,0,1
BRDA:14,0,1,1
BRDA:20,1,0,1
BRDA:20,1,1,0
BRDA:28,2,0,0
BRDA:28,2,1,1
BRDA:38,3,0,0
BRDA:38,3,1,0
BRDA:42,4,0,0
BRDA:42,4,1,0
BRDA:48,5,0,0
BRDA:48,5,1,0
BRDA:60,6,0,0
BRDA:60,6,1,1
BRF:14
BRH:5
end_of_record
TN:
SF:src\service\LivroService.js
FN:4,(anonymous_0)
FN:15,(anonymous_1)
FN:29,(anonymous_2)
FN:45,(anonymous_3)
FN:57,(anonymous_4)
FN:67,(anonymous_5)
FNF:6
FNH:3
FNDA:0,(anonymous_0)
FNDA:1,(anonymous_1)
FNDA:1,(anonymous_2)
FNDA:1,(anonymous_3)
FNDA:0,(anonymous_4)
FNDA:0,(anonymous_5)
DA:5,0
DA:12,0
DA:16,1
DA:17,0
DA:20,1
DA:22,1
DA:23,0
DA:26,1
DA:30,1
DA:31,1
DA:34,0
DA:36,0
DA:37,0
DA:40,0
DA:42,0
DA:46,1
DA:47,0
DA:49,1
DA:50,1
DA:51,1
DA:52,1
DA:54,0
DA:58,0
DA:59,0
DA:62,0
DA:64,0
DA:68,0
DA:69,0
DA:72,0
DA:74,0
DA:75,0
DA:78,0
LF:32
LH:11
BRDA:16,0,0,0
BRDA:16,0,1,1
BRDA:22,1,0,0
BRDA:22,1,1,1
BRDA:30,2,0,1
BRDA:30,2,1,0
BRDA:36,3,0,0
BRDA:36,3,1,0
BRDA:46,4,0,0
BRDA:46,4,1,1
BRDA:50,5,0,1
BRDA:50,5,1,0
BRDA:58,6,0,0
BRDA:58,6,1,0
BRDA:68,7,0,0
BRDA:68,7,1,0
BRDA:74,8,0,0
BRDA:74,8,1,0
BRF:18
BRH:5
end_of_record
TN:
SF:src\service\MangaService.js
FN:4,(anonymous_0)
FN:10,(anonymous_1)
FN:37,(anonymous_2)
FN:56,(anonymous_3)
FN:70,(anonymous_4)
FN:76,(anonymous_5)
FN:95,(anonymous_6)
FNF:7
FNH:5
FNDA:0,(anonymous_0)
FNDA:2,(anonymous_1)
FNDA:3,(anonymous_2)
FNDA:0,(anonymous_3)
FNDA:1,(anonymous_4)
FNDA:1,(anonymous_5)
FNDA:1,(anonymous_6)
DA:5,0
DA:7,0
DA:12,2
DA:13,1
DA:16,1
DA:30,1
DA:31,1
DA:34,0
DA:38,3
DA:39,0
DA:43,3
DA:44,1
DA:47,2
DA:48,1
DA:51,1
DA:53,1
DA:57,0
DA:58,0
DA:61,0
DA:62,0
DA:65,0
DA:67,0
DA:71,1
DA:73,1
DA:77,1
DA:86,1
DA:88,1
DA:89,0
DA:92,1
DA:96,1
DA:105,1
DA:106,0
DA:109,1
LF:33
LH:21
BRDA:12,0,0,1
BRDA:12,0,1,1
BRDA:30,1,0,1
BRDA:30,1,1,0
BRDA:38,2,0,0
BRDA:38,2,1,3
BRDA:43,3,0,1
BRDA:43,3,1,2
BRDA:47,4,0,1
BRDA:47,4,1,1
BRDA:57,5,0,0
BRDA:57,5,1,0
BRDA:61,6,0,0
BRDA:61,6,1,0
BRDA:88,7,0,0
BRDA:88,7,1,1
BRDA:105,8,0,0
BRDA:105,8,1,1
BRF:18
BRH:10
end_of_record
